\BOOKMARK [0][-]{dummy.1}{\376\377\000A\000b\000s\000t\000r\000a\000c\000t}{}% 1
\BOOKMARK [0][-]{dummy.2}{\376\377\000A\000c\000k\000n\000o\000w\000l\000e\000d\000g\000e\000m\000e\000n\000t\000s}{}% 2
\BOOKMARK [0][-]{dummy.3}{\376\377\000C\000o\000n\000t\000e\000n\000t\000s}{}% 3
\BOOKMARK [0][-]{dummy.5}{\376\377\000L\000i\000s\000t\000\040\000o\000f\000\040\000F\000i\000g\000u\000r\000e\000s}{}% 4
\BOOKMARK [0][-]{chapter.7}{\376\377\0001\000\040\000I\000n\000t\000r\000o\000d\000u\000c\000t\000i\000o\000n}{}% 5
\BOOKMARK [0][-]{chapter.10}{\376\377\0002\000\040\000D\000e\000f\000i\000n\000i\000t\000i\000o\000n\000s}{}% 6
\BOOKMARK [0][-]{chapter.20}{\376\377\0003\000\040\000T\000h\000e\000\040\000A\000l\000g\000o\000r\000i\000t\000h\000m}{}% 7
\BOOKMARK [1][-]{section.21}{\376\377\0003\000.\0001\000\040\000M\000e\000t\000h\000o\000d\000\040\000o\000f\000\040\000L\000a\000b\000e\000l\000l\000i\000n\000g\000\040\000t\000h\000e\000\040\000g\000r\000a\000p\000h}{chapter.20}% 8
\BOOKMARK [1][-]{section.23}{\376\377\0003\000.\0002\000\040\000I\000N\000P\000U\000T\000S}{chapter.20}% 9
\BOOKMARK [1][-]{section.29}{\376\377\0003\000.\0003\000\040\000S\000t\000e\000p\000s\000\040\000o\000f\000\040\000F\000i\000n\000d\000i\000n\000g\000\040\000M\000a\000x\000i\000u\000m\000u\000m\000\040\000P\000a\000r\000t\000i\000t\000i\000o\000n}{chapter.20}% 10
\BOOKMARK [2][-]{subsection.30}{\376\377\0003\000.\0003\000.\0001\000\040\000S\000t\000e\000p\000\040\000I}{section.29}% 11
\BOOKMARK [2][-]{subsection.44}{\376\377\0003\000.\0003\000.\0002\000\040\000S\000t\000e\000p\000\040\000I\000I}{section.29}% 12
\BOOKMARK [2][-]{subsection.57}{\376\377\0003\000.\0003\000.\0003\000\040\000S\000t\000e\000p\000\040\000I\000I\000I}{section.29}% 13
\BOOKMARK [2][-]{subsection.64}{\376\377\0003\000.\0003\000.\0004\000\040\000S\000t\000e\000p\000\040\000I\000V}{section.29}% 14
\BOOKMARK [2][-]{subsection.67}{\376\377\0003\000.\0003\000.\0005\000\040\000S\000t\000e\000p\000\040\000V}{section.29}% 15
\BOOKMARK [2][-]{subsection.68}{\376\377\0003\000.\0003\000.\0006\000\040\000S\000t\000e\000p\000\040\000V\000I}{section.29}% 16
\BOOKMARK [1][-]{section.75}{\376\377\0003\000.\0004\000\040\000T\000e\000s\000t\000\040\000C\000a\000s\000e\000s}{chapter.20}% 17
\BOOKMARK [0][-]{chapter.84}{\376\377\0004\000\040\000C\000o\000n\000c\000l\000u\000s\000i\000o\000n}{}% 18
\BOOKMARK [0][-]{appendix.85}{\376\377\000A\000\040\000W\000o\000r\000k\000i\000n\000g\000\040\000C\000o\000d\000e\000\040\000i\000n\000\040\000P\000y\000t\000h\000o\000n}{}% 19
\BOOKMARK [0][-]{dummy.425}{\376\377\000B\000i\000b\000l\000i\000o\000g\000r\000a\000p\000h\000y}{}% 20
\BOOKMARK [0][-]{appendix*.426}{\376\377\000R\000e\000f\000e\000r\000e\000n\000c\000e\000s}{}% 21
